ERROR [Mar 14 12:49:48] (AspireLog4j.java:243) - Missing file MainConfig.properties java.io.FileNotFoundException: D:\NewProjectes\PXPCheck\src\test\resources\configs\MainConfig.properties (The system cannot find the file specified)
java.io.FileNotFoundException: D:\NewProjectes\PXPCheck\src\test\resources\configs\MainConfig.properties (The system cannot find the file specified)
	at java.io.FileInputStream.open0(Native Method)
	at java.io.FileInputStream.open(FileInputStream.java:195)
	at java.io.FileInputStream.<init>(FileInputStream.java:138)
	at jo.aspire.automation.logger.EnvirommentManager.LoadMainConfig(EnvirommentManager.java:105)
	at jo.aspire.automation.logger.EnvirommentManager.loadProperties(EnvirommentManager.java:138)
	at jo.aspire.automation.logger.EnvirommentManager.getInstance(EnvirommentManager.java:82)
	at jo.aspire.automation.logger.AspireLog4j.<init>(AspireLog4j.java:64)
	at sun.reflect.NativeConstructorAccessorImpl.newInstance0(Native Method)
	at sun.reflect.NativeConstructorAccessorImpl.newInstance(NativeConstructorAccessorImpl.java:62)
	at sun.reflect.DelegatingConstructorAccessorImpl.newInstance(DelegatingConstructorAccessorImpl.java:45)
	at java.lang.reflect.Constructor.newInstance(Constructor.java:423)
	at jo.aspire.automation.logger.EnvirommentManager.setIntialLog4jClass(EnvirommentManager.java:59)
	at jo.aspire.automation.logger.EnvirommentManager.setInitialClass(EnvirommentManager.java:44)
	at aspire.com.test.StoriesTest.run(StoriesTest.java:148)
	at sun.reflect.NativeMethodAccessorImpl.invoke0(Native Method)
	at sun.reflect.NativeMethodAccessorImpl.invoke(NativeMethodAccessorImpl.java:62)
	at sun.reflect.DelegatingMethodAccessorImpl.invoke(DelegatingMethodAccessorImpl.java:43)
	at java.lang.reflect.Method.invoke(Method.java:498)
	at org.junit.runners.model.FrameworkMethod$1.runReflectiveCall(FrameworkMethod.java:47)
	at org.junit.internal.runners.model.ReflectiveCallable.run(ReflectiveCallable.java:12)
	at org.junit.runners.model.FrameworkMethod.invokeExplosively(FrameworkMethod.java:44)
	at org.junit.internal.runners.statements.InvokeMethod.evaluate(InvokeMethod.java:17)
	at org.junit.runners.ParentRunner.runLeaf(ParentRunner.java:271)
	at org.junit.runners.BlockJUnit4ClassRunner.runChild(BlockJUnit4ClassRunner.java:70)
	at org.junit.runners.BlockJUnit4ClassRunner.runChild(BlockJUnit4ClassRunner.java:50)
	at org.junit.runners.ParentRunner$3.run(ParentRunner.java:238)
	at org.junit.runners.ParentRunner$1.schedule(ParentRunner.java:63)
	at org.junit.runners.ParentRunner.runChildren(ParentRunner.java:236)
	at org.junit.runners.ParentRunner.access$000(ParentRunner.java:53)
	at org.junit.runners.ParentRunner$2.evaluate(ParentRunner.java:229)
	at org.junit.runners.ParentRunner.run(ParentRunner.java:309)
	at org.apache.maven.surefire.junit4.JUnit4Provider.execute(JUnit4Provider.java:252)
	at org.apache.maven.surefire.junit4.JUnit4Provider.executeTestSet(JUnit4Provider.java:141)
	at org.apache.maven.surefire.junit4.JUnit4Provider.invoke(JUnit4Provider.java:112)
	at sun.reflect.NativeMethodAccessorImpl.invoke0(Native Method)
	at sun.reflect.NativeMethodAccessorImpl.invoke(NativeMethodAccessorImpl.java:62)
	at sun.reflect.DelegatingMethodAccessorImpl.invoke(DelegatingMethodAccessorImpl.java:43)
	at java.lang.reflect.Method.invoke(Method.java:498)
	at org.apache.maven.surefire.util.ReflectionUtils.invokeMethodWithArray(ReflectionUtils.java:189)
	at org.apache.maven.surefire.booter.ProviderFactory$ProviderProxy.invoke(ProviderFactory.java:165)
	at org.apache.maven.surefire.booter.ProviderFactory.invokeProvider(ProviderFactory.java:85)
	at org.apache.maven.surefire.booter.ForkedBooter.runSuitesInProcess(ForkedBooter.java:115)
	at org.apache.maven.surefire.booter.ForkedBooter.main(ForkedBooter.java:75)
INFO  [Mar 14 12:49:48] (AspireLog4j.java:125) - Jar path is:
INFO  [Mar 14 12:49:48] (AspireLog4j.java:125) - Run with IDE - iam not jar
INFO  [Mar 14 12:49:48] (AspireLog4j.java:125) - Logger Object Injected  
INFO  [Mar 14 12:49:48] (AspireLog4j.java:125) - Logger Object Injected  
INFO  [Mar 14 12:49:49] (AspireLog4j.java:125) - Logger Object Injected  
INFO  [Mar 14 12:49:49] (AspireLog4j.java:125) - Before Story Driver Provider initialized 
ERROR [Mar 14 12:50:21] (AspireLog4j.java:243) - ERROR : 
org.openqa.selenium.UnhandledAlertException: Unexpected modal dialog (text: You have a revision pending. Are you sure you want to submit a new manuscript?

Click OK to proceed. Otherwise, click Cancel.): You have a revision pending. Are you sure you want to submit a new manuscript?

Click OK to proceed. Otherwise, click Cancel.
Build info: version: '2.53.1', revision: 'a36b8b1cd5757287168e54b817830adce9b0158d', time: '2016-06-30 19:26:09'
System info: host: 'AIP-MDARABSHEH', ip: '10.6.50.60', os.name: 'Windows 7', os.arch: 'amd64', os.version: '6.1', java.version: '1.8.0_121'
Driver info: jo.aspire.web.automationUtil.FixedFirefoxDriver
Capabilities [{applicationCacheEnabled=true, rotatable=false, handlesAlerts=true, databaseEnabled=true, version=30.0, platform=WINDOWS, browserConnectionEnabled=true, nativeEvents=false, acceptSslCerts=true, webStorageEnabled=true, locationContextEnabled=true, browserName=firefox, takesScreenshot=true, javascriptEnabled=true, cssSelectorsEnabled=true}]
Session ID: 1a88e286-a081-45a8-88b2-d9441b8f1d6a
	at sun.reflect.NativeConstructorAccessorImpl.newInstance0(Native Method)
	at sun.reflect.NativeConstructorAccessorImpl.newInstance(NativeConstructorAccessorImpl.java:62)
	at sun.reflect.DelegatingConstructorAccessorImpl.newInstance(DelegatingConstructorAccessorImpl.java:45)
	at java.lang.reflect.Constructor.newInstance(Constructor.java:423)
	at org.openqa.selenium.remote.ErrorHandler.createThrowable(ErrorHandler.java:206)
	at org.openqa.selenium.remote.ErrorHandler.createUnhandledAlertException(ErrorHandler.java:187)
	at org.openqa.selenium.remote.ErrorHandler.throwIfResponseFailed(ErrorHandler.java:154)
	at org.openqa.selenium.remote.RemoteWebDriver.execute(RemoteWebDriver.java:678)
	at jo.aspire.web.automationUtil.FixedFirefoxDriver.execute(FixedFirefoxDriver.java:44)
	at org.openqa.selenium.remote.RemoteWebDriver.execute(RemoteWebDriver.java:701)
	at org.openqa.selenium.firefox.FirefoxDriver.getScreenshotAs(FirefoxDriver.java:341)
	at com.aspire.automationReport.ReportWebDriverHandler.saveScreenshot(ReportWebDriverHandler.java:100)
	at com.aspire.automationReport.AspireReport.successful(AspireReport.java:302)
	at org.jbehave.core.reporters.DelegatingStoryReporter.successful(DelegatingStoryReporter.java:151)
	at org.jbehave.core.reporters.ConcurrentStoryReporter.successful(ConcurrentStoryReporter.java:239)
	at org.jbehave.core.steps.AbstractStepResult$Successful.describeTo(AbstractStepResult.java:81)
	at org.jbehave.core.embedder.PerformableTree$FineSoFar.run(PerformableTree.java:335)
	at org.jbehave.core.embedder.PerformableTree$PerformableSteps.perform(PerformableTree.java:1042)
	at org.jbehave.core.embedder.PerformableTree$AbstractPerformableScenario.performRestartableSteps(PerformableTree.java:926)
	at org.jbehave.core.embedder.PerformableTree$NormalPerformableScenario.perform(PerformableTree.java:955)
	at org.jbehave.core.embedder.PerformableTree$PerformableScenario.perform(PerformableTree.java:876)
	at org.jbehave.core.embedder.PerformableTree$PerformableStory.performScenarios(PerformableTree.java:804)
	at org.jbehave.core.embedder.PerformableTree$PerformableStory.perform(PerformableTree.java:777)
	at org.jbehave.core.embedder.PerformableTree.performCancellable(PerformableTree.java:409)
	at org.jbehave.core.embedder.PerformableTree.perform(PerformableTree.java:380)
	at org.jbehave.core.embedder.StoryManager$EnqueuedStory.call(StoryManager.java:291)
	at org.jbehave.core.embedder.StoryManager$EnqueuedStory.call(StoryManager.java:265)
	at java.util.concurrent.FutureTask.run(FutureTask.java:266)
	at java.util.concurrent.ThreadPoolExecutor.runWorker(ThreadPoolExecutor.java:1142)
	at java.util.concurrent.ThreadPoolExecutor$Worker.run(ThreadPoolExecutor.java:617)
	at java.lang.Thread.run(Thread.java:745)
INFO  [Mar 14 12:50:54] (AspireLog4j.java:125) - Info : ####### screenshotPath ####### :screenshots\screenshota147a4a0-93ad-4927-86ce-28062b8c921f.png
INFO  [Mar 14 12:50:56] (AspireLog4j.java:125) - After Story Driver Provider Closed  
INFO  [Mar 14 12:50:56] (AspireLog4j.java:125) - Logger Object Injected  
INFO  [Mar 14 12:50:56] (AspireLog4j.java:125) - Before Story Driver Provider initialized 
ERROR [Mar 14 12:51:23] (AspireLog4j.java:243) - ERROR : 
org.openqa.selenium.UnhandledAlertException: Unexpected modal dialog (text: You have a revision pending. Are you sure you want to submit a new manuscript?

Click OK to proceed. Otherwise, click Cancel.): You have a revision pending. Are you sure you want to submit a new manuscript?

Click OK to proceed. Otherwise, click Cancel.
Build info: version: '2.53.1', revision: 'a36b8b1cd5757287168e54b817830adce9b0158d', time: '2016-06-30 19:26:09'
System info: host: 'AIP-MDARABSHEH', ip: '10.6.50.60', os.name: 'Windows 7', os.arch: 'amd64', os.version: '6.1', java.version: '1.8.0_121'
Driver info: jo.aspire.web.automationUtil.FixedFirefoxDriver
Capabilities [{applicationCacheEnabled=true, rotatable=false, handlesAlerts=true, databaseEnabled=true, version=30.0, platform=WINDOWS, browserConnectionEnabled=true, nativeEvents=false, acceptSslCerts=true, webStorageEnabled=true, locationContextEnabled=true, browserName=firefox, takesScreenshot=true, javascriptEnabled=true, cssSelectorsEnabled=true}]
Session ID: 1b7dfc41-4b4a-4c0b-b0b1-5354a67cf9dc
	at sun.reflect.NativeConstructorAccessorImpl.newInstance0(Native Method)
	at sun.reflect.NativeConstructorAccessorImpl.newInstance(NativeConstructorAccessorImpl.java:62)
	at sun.reflect.DelegatingConstructorAccessorImpl.newInstance(DelegatingConstructorAccessorImpl.java:45)
	at java.lang.reflect.Constructor.newInstance(Constructor.java:423)
	at org.openqa.selenium.remote.ErrorHandler.createThrowable(ErrorHandler.java:206)
	at org.openqa.selenium.remote.ErrorHandler.createUnhandledAlertException(ErrorHandler.java:187)
	at org.openqa.selenium.remote.ErrorHandler.throwIfResponseFailed(ErrorHandler.java:154)
	at org.openqa.selenium.remote.RemoteWebDriver.execute(RemoteWebDriver.java:678)
	at jo.aspire.web.automationUtil.FixedFirefoxDriver.execute(FixedFirefoxDriver.java:44)
	at org.openqa.selenium.remote.RemoteWebDriver.execute(RemoteWebDriver.java:701)
	at org.openqa.selenium.firefox.FirefoxDriver.getScreenshotAs(FirefoxDriver.java:341)
	at com.aspire.automationReport.ReportWebDriverHandler.saveScreenshot(ReportWebDriverHandler.java:100)
	at com.aspire.automationReport.AspireReport.successful(AspireReport.java:302)
	at org.jbehave.core.reporters.DelegatingStoryReporter.successful(DelegatingStoryReporter.java:151)
	at org.jbehave.core.reporters.ConcurrentStoryReporter.successful(ConcurrentStoryReporter.java:239)
	at org.jbehave.core.steps.AbstractStepResult$Successful.describeTo(AbstractStepResult.java:81)
	at org.jbehave.core.embedder.PerformableTree$FineSoFar.run(PerformableTree.java:335)
	at org.jbehave.core.embedder.PerformableTree$PerformableSteps.perform(PerformableTree.java:1042)
	at org.jbehave.core.embedder.PerformableTree$AbstractPerformableScenario.performRestartableSteps(PerformableTree.java:926)
	at org.jbehave.core.embedder.PerformableTree$NormalPerformableScenario.perform(PerformableTree.java:955)
	at org.jbehave.core.embedder.PerformableTree$PerformableScenario.perform(PerformableTree.java:876)
	at org.jbehave.core.embedder.PerformableTree$PerformableStory.performScenarios(PerformableTree.java:804)
	at org.jbehave.core.embedder.PerformableTree$PerformableStory.perform(PerformableTree.java:777)
	at org.jbehave.core.embedder.PerformableTree.performCancellable(PerformableTree.java:409)
	at org.jbehave.core.embedder.PerformableTree.perform(PerformableTree.java:380)
	at org.jbehave.core.embedder.StoryManager$EnqueuedStory.call(StoryManager.java:291)
	at org.jbehave.core.embedder.StoryManager$EnqueuedStory.call(StoryManager.java:265)
	at java.util.concurrent.FutureTask.run(FutureTask.java:266)
	at java.util.concurrent.ThreadPoolExecutor.runWorker(ThreadPoolExecutor.java:1142)
	at java.util.concurrent.ThreadPoolExecutor$Worker.run(ThreadPoolExecutor.java:617)
	at java.lang.Thread.run(Thread.java:745)
INFO  [Mar 14 12:52:04] (AspireLog4j.java:125) - Info : ####### screenshotPath ####### :screenshots\screenshot591bfec7-53e5-4409-b2f2-247253469993.png
INFO  [Mar 14 12:52:05] (AspireLog4j.java:125) - After Story Driver Provider Closed  
