ERROR [Mar 20 17:13:52] (AspireLog4j.java:243) - Missing file MainConfig.properties java.io.FileNotFoundException: C:\SciCheckOld\src\test\resources\configs\MainConfig.properties (The system cannot find the file specified)
java.io.FileNotFoundException: C:\SciCheckOld\src\test\resources\configs\MainConfig.properties (The system cannot find the file specified)
	at java.io.FileInputStream.open0(Native Method)
	at java.io.FileInputStream.open(Unknown Source)
	at java.io.FileInputStream.<init>(Unknown Source)
	at jo.aspire.automation.logger.EnvirommentManager.LoadMainConfig(EnvirommentManager.java:105)
	at jo.aspire.automation.logger.EnvirommentManager.loadProperties(EnvirommentManager.java:138)
	at jo.aspire.automation.logger.EnvirommentManager.getInstance(EnvirommentManager.java:82)
	at jo.aspire.automation.logger.AspireLog4j.<init>(AspireLog4j.java:64)
	at sun.reflect.NativeConstructorAccessorImpl.newInstance0(Native Method)
	at sun.reflect.NativeConstructorAccessorImpl.newInstance(Unknown Source)
	at sun.reflect.DelegatingConstructorAccessorImpl.newInstance(Unknown Source)
	at java.lang.reflect.Constructor.newInstance(Unknown Source)
	at jo.aspire.automation.logger.EnvirommentManager.setIntialLog4jClass(EnvirommentManager.java:59)
	at jo.aspire.automation.logger.EnvirommentManager.setInitialClass(EnvirommentManager.java:44)
	at aspire.com.test.StoriesTest.run(StoriesTest.java:150)
	at sun.reflect.NativeMethodAccessorImpl.invoke0(Native Method)
	at sun.reflect.NativeMethodAccessorImpl.invoke(Unknown Source)
	at sun.reflect.DelegatingMethodAccessorImpl.invoke(Unknown Source)
	at java.lang.reflect.Method.invoke(Unknown Source)
	at org.junit.runners.model.FrameworkMethod$1.runReflectiveCall(FrameworkMethod.java:47)
	at org.junit.internal.runners.model.ReflectiveCallable.run(ReflectiveCallable.java:12)
	at org.junit.runners.model.FrameworkMethod.invokeExplosively(FrameworkMethod.java:44)
	at org.junit.internal.runners.statements.InvokeMethod.evaluate(InvokeMethod.java:17)
	at org.junit.runners.ParentRunner.runLeaf(ParentRunner.java:271)
	at org.junit.runners.BlockJUnit4ClassRunner.runChild(BlockJUnit4ClassRunner.java:70)
	at org.junit.runners.BlockJUnit4ClassRunner.runChild(BlockJUnit4ClassRunner.java:50)
	at org.junit.runners.ParentRunner$3.run(ParentRunner.java:238)
	at org.junit.runners.ParentRunner$1.schedule(ParentRunner.java:63)
	at org.junit.runners.ParentRunner.runChildren(ParentRunner.java:236)
	at org.junit.runners.ParentRunner.access$000(ParentRunner.java:53)
	at org.junit.runners.ParentRunner$2.evaluate(ParentRunner.java:229)
	at org.junit.runners.ParentRunner.run(ParentRunner.java:309)
	at org.eclipse.jdt.internal.junit4.runner.JUnit4TestReference.run(JUnit4TestReference.java:86)
	at org.eclipse.jdt.internal.junit.runner.TestExecution.run(TestExecution.java:38)
	at org.eclipse.jdt.internal.junit.runner.RemoteTestRunner.runTests(RemoteTestRunner.java:538)
	at org.eclipse.jdt.internal.junit.runner.RemoteTestRunner.runTests(RemoteTestRunner.java:760)
	at org.eclipse.jdt.internal.junit.runner.RemoteTestRunner.run(RemoteTestRunner.java:460)
	at org.eclipse.jdt.internal.junit.runner.RemoteTestRunner.main(RemoteTestRunner.java:206)
INFO  [Mar 20 17:13:52] (AspireLog4j.java:125) - Jar path is:
INFO  [Mar 20 17:13:52] (AspireLog4j.java:125) - Run with IDE - iam not jar
INFO  [Mar 20 17:13:52] (AspireLog4j.java:125) - Logger Object Injected  
INFO  [Mar 20 17:13:52] (AspireLog4j.java:125) - Logger Object Injected  
INFO  [Mar 20 17:13:53] (AspireLog4j.java:125) - Logger Object Injected  
INFO  [Mar 20 17:13:54] (AspireLog4j.java:125) - Before Story Driver Provider initialized 
INFO  [Mar 20 17:14:13] (AspireLog4j.java:125) - After Story Driver Provider Closed  
INFO  [Mar 20 17:14:13] (AspireLog4j.java:125) - Before Story Driver Provider initialized 
INFO  [Mar 20 17:14:31] (AspireLog4j.java:125) - After Story Driver Provider Closed  
INFO  [Mar 20 17:14:31] (AspireLog4j.java:125) - Before Story Driver Provider initialized 
INFO  [Mar 20 17:14:47] (AspireLog4j.java:125) - After Story Driver Provider Closed  
INFO  [Mar 20 17:14:47] (AspireLog4j.java:125) - Before Story Driver Provider initialized 
INFO  [Mar 20 17:15:04] (AspireLog4j.java:125) - After Story Driver Provider Closed  
INFO  [Mar 20 17:15:04] (AspireLog4j.java:125) - Before Story Driver Provider initialized 
INFO  [Mar 20 17:15:22] (AspireLog4j.java:125) - After Story Driver Provider Closed  
INFO  [Mar 20 17:15:22] (AspireLog4j.java:125) - Before Story Driver Provider initialized 
INFO  [Mar 20 17:15:39] (AspireLog4j.java:125) - After Story Driver Provider Closed  
INFO  [Mar 20 17:15:39] (AspireLog4j.java:125) - Before Story Driver Provider initialized 
INFO  [Mar 20 17:16:03] (AspireLog4j.java:125) - After Story Driver Provider Closed  
INFO  [Mar 20 17:16:03] (AspireLog4j.java:125) - Before Story Driver Provider initialized 
INFO  [Mar 20 17:16:23] (AspireLog4j.java:125) - After Story Driver Provider Closed  
INFO  [Mar 20 17:16:23] (AspireLog4j.java:125) - Before Story Driver Provider initialized 
INFO  [Mar 20 17:16:39] (AspireLog4j.java:125) - After Story Driver Provider Closed  
INFO  [Mar 20 17:16:39] (AspireLog4j.java:125) - Before Story Driver Provider initialized 
INFO  [Mar 20 17:16:56] (AspireLog4j.java:125) - After Story Driver Provider Closed  
INFO  [Mar 20 17:16:56] (AspireLog4j.java:125) - Before Story Driver Provider initialized 
INFO  [Mar 20 17:17:14] (AspireLog4j.java:125) - After Story Driver Provider Closed  
INFO  [Mar 20 17:17:14] (AspireLog4j.java:125) - Before Story Driver Provider initialized 
INFO  [Mar 20 17:17:31] (AspireLog4j.java:125) - After Story Driver Provider Closed  
INFO  [Mar 20 17:17:31] (AspireLog4j.java:125) - Before Story Driver Provider initialized 
INFO  [Mar 20 17:18:07] (AspireLog4j.java:125) - After Story Driver Provider Closed  
INFO  [Mar 20 17:18:07] (AspireLog4j.java:125) - Before Story Driver Provider initialized 
INFO  [Mar 20 17:18:24] (AspireLog4j.java:125) - After Story Driver Provider Closed  
INFO  [Mar 20 17:18:24] (AspireLog4j.java:125) - Before Story Driver Provider initialized 
INFO  [Mar 20 17:18:42] (AspireLog4j.java:125) - After Story Driver Provider Closed  
INFO  [Mar 20 17:18:42] (AspireLog4j.java:125) - Before Story Driver Provider initialized 
INFO  [Mar 20 17:18:58] (AspireLog4j.java:125) - After Story Driver Provider Closed  
INFO  [Mar 20 17:18:58] (AspireLog4j.java:125) - Before Story Driver Provider initialized 
INFO  [Mar 20 17:19:15] (AspireLog4j.java:125) - After Story Driver Provider Closed  
INFO  [Mar 20 17:19:15] (AspireLog4j.java:125) - Before Story Driver Provider initialized 
INFO  [Mar 20 17:19:32] (AspireLog4j.java:125) - After Story Driver Provider Closed  
INFO  [Mar 20 17:19:32] (AspireLog4j.java:125) - Before Story Driver Provider initialized 
INFO  [Mar 20 17:19:50] (AspireLog4j.java:125) - After Story Driver Provider Closed  
INFO  [Mar 20 17:19:50] (AspireLog4j.java:125) - Before Story Driver Provider initialized 
INFO  [Mar 20 17:20:06] (AspireLog4j.java:125) - After Story Driver Provider Closed  
INFO  [Mar 20 17:20:06] (AspireLog4j.java:125) - Before Story Driver Provider initialized 
INFO  [Mar 20 17:20:24] (AspireLog4j.java:125) - After Story Driver Provider Closed  
INFO  [Mar 20 17:20:24] (AspireLog4j.java:125) - Before Story Driver Provider initialized 
INFO  [Mar 20 17:20:42] (AspireLog4j.java:125) - After Story Driver Provider Closed  
INFO  [Mar 20 17:20:42] (AspireLog4j.java:125) - Before Story Driver Provider initialized 
INFO  [Mar 20 17:20:58] (AspireLog4j.java:125) - After Story Driver Provider Closed  
INFO  [Mar 20 17:20:58] (AspireLog4j.java:125) - Before Story Driver Provider initialized 
INFO  [Mar 20 17:21:14] (AspireLog4j.java:125) - After Story Driver Provider Closed  
INFO  [Mar 20 17:21:14] (AspireLog4j.java:125) - Before Story Driver Provider initialized 
INFO  [Mar 20 17:21:31] (AspireLog4j.java:125) - After Story Driver Provider Closed  
INFO  [Mar 20 17:21:31] (AspireLog4j.java:125) - Before Story Driver Provider initialized 
INFO  [Mar 20 17:21:48] (AspireLog4j.java:125) - After Story Driver Provider Closed  
INFO  [Mar 20 17:21:48] (AspireLog4j.java:125) - Before Story Driver Provider initialized 
INFO  [Mar 20 17:22:04] (AspireLog4j.java:125) - After Story Driver Provider Closed  
INFO  [Mar 20 17:22:04] (AspireLog4j.java:125) - Before Story Driver Provider initialized 
INFO  [Mar 20 17:22:20] (AspireLog4j.java:125) - After Story Driver Provider Closed  
INFO  [Mar 20 17:22:20] (AspireLog4j.java:125) - Before Story Driver Provider initialized 
INFO  [Mar 20 17:22:36] (AspireLog4j.java:125) - After Story Driver Provider Closed  
INFO  [Mar 20 17:22:36] (AspireLog4j.java:125) - Before Story Driver Provider initialized 
INFO  [Mar 20 17:22:54] (AspireLog4j.java:125) - After Story Driver Provider Closed  
INFO  [Mar 20 17:22:54] (AspireLog4j.java:125) - Before Story Driver Provider initialized 
INFO  [Mar 20 17:23:12] (AspireLog4j.java:125) - After Story Driver Provider Closed  
INFO  [Mar 20 17:23:12] (AspireLog4j.java:125) - Before Story Driver Provider initialized 
INFO  [Mar 20 17:23:29] (AspireLog4j.java:125) - After Story Driver Provider Closed  
INFO  [Mar 20 17:23:29] (AspireLog4j.java:125) - Before Story Driver Provider initialized 
INFO  [Mar 20 17:23:46] (AspireLog4j.java:125) - After Story Driver Provider Closed  
INFO  [Mar 20 17:23:46] (AspireLog4j.java:125) - Before Story Driver Provider initialized 
INFO  [Mar 20 17:24:02] (AspireLog4j.java:125) - After Story Driver Provider Closed  
INFO  [Mar 20 17:24:02] (AspireLog4j.java:125) - Before Story Driver Provider initialized 
INFO  [Mar 20 17:24:18] (AspireLog4j.java:125) - After Story Driver Provider Closed  
INFO  [Mar 20 17:24:18] (AspireLog4j.java:125) - Before Story Driver Provider initialized 
INFO  [Mar 20 17:24:34] (AspireLog4j.java:125) - After Story Driver Provider Closed  
INFO  [Mar 20 17:24:34] (AspireLog4j.java:125) - Before Story Driver Provider initialized 
INFO  [Mar 20 17:24:52] (AspireLog4j.java:125) - After Story Driver Provider Closed  
INFO  [Mar 20 17:24:52] (AspireLog4j.java:125) - Before Story Driver Provider initialized 
INFO  [Mar 20 17:25:07] (AspireLog4j.java:125) - After Story Driver Provider Closed  
INFO  [Mar 20 17:25:07] (AspireLog4j.java:125) - Before Story Driver Provider initialized 
INFO  [Mar 20 17:25:30] (AspireLog4j.java:125) - After Story Driver Provider Closed  
