ERROR [Mar 21 14:25:03] (AspireLog4j.java:243) - Missing file MainConfig.properties java.io.FileNotFoundException: C:\BioSite\src\test\resources\configs\MainConfig.properties (The system cannot find the file specified)
java.io.FileNotFoundException: C:\BioSite\src\test\resources\configs\MainConfig.properties (The system cannot find the file specified)
	at java.io.FileInputStream.open0(Native Method)
	at java.io.FileInputStream.open(Unknown Source)
	at java.io.FileInputStream.<init>(Unknown Source)
	at jo.aspire.automation.logger.EnvirommentManager.LoadMainConfig(EnvirommentManager.java:105)
	at jo.aspire.automation.logger.EnvirommentManager.loadProperties(EnvirommentManager.java:138)
	at jo.aspire.automation.logger.EnvirommentManager.getInstance(EnvirommentManager.java:82)
	at jo.aspire.automation.logger.AspireLog4j.<init>(AspireLog4j.java:64)
	at sun.reflect.NativeConstructorAccessorImpl.newInstance0(Native Method)
	at sun.reflect.NativeConstructorAccessorImpl.newInstance(Unknown Source)
	at sun.reflect.DelegatingConstructorAccessorImpl.newInstance(Unknown Source)
	at java.lang.reflect.Constructor.newInstance(Unknown Source)
	at jo.aspire.automation.logger.EnvirommentManager.setIntialLog4jClass(EnvirommentManager.java:59)
	at jo.aspire.automation.logger.EnvirommentManager.setInitialClass(EnvirommentManager.java:44)
	at aspire.com.test.StoriesTest.run(StoriesTest.java:150)
	at sun.reflect.NativeMethodAccessorImpl.invoke0(Native Method)
	at sun.reflect.NativeMethodAccessorImpl.invoke(Unknown Source)
	at sun.reflect.DelegatingMethodAccessorImpl.invoke(Unknown Source)
	at java.lang.reflect.Method.invoke(Unknown Source)
	at org.junit.runners.model.FrameworkMethod$1.runReflectiveCall(FrameworkMethod.java:47)
	at org.junit.internal.runners.model.ReflectiveCallable.run(ReflectiveCallable.java:12)
	at org.junit.runners.model.FrameworkMethod.invokeExplosively(FrameworkMethod.java:44)
	at org.junit.internal.runners.statements.InvokeMethod.evaluate(InvokeMethod.java:17)
	at org.junit.runners.ParentRunner.runLeaf(ParentRunner.java:271)
	at org.junit.runners.BlockJUnit4ClassRunner.runChild(BlockJUnit4ClassRunner.java:70)
	at org.junit.runners.BlockJUnit4ClassRunner.runChild(BlockJUnit4ClassRunner.java:50)
	at org.junit.runners.ParentRunner$3.run(ParentRunner.java:238)
	at org.junit.runners.ParentRunner$1.schedule(ParentRunner.java:63)
	at org.junit.runners.ParentRunner.runChildren(ParentRunner.java:236)
	at org.junit.runners.ParentRunner.access$000(ParentRunner.java:53)
	at org.junit.runners.ParentRunner$2.evaluate(ParentRunner.java:229)
	at org.junit.runners.ParentRunner.run(ParentRunner.java:309)
	at org.eclipse.jdt.internal.junit4.runner.JUnit4TestReference.run(JUnit4TestReference.java:86)
	at org.eclipse.jdt.internal.junit.runner.TestExecution.run(TestExecution.java:38)
	at org.eclipse.jdt.internal.junit.runner.RemoteTestRunner.runTests(RemoteTestRunner.java:538)
	at org.eclipse.jdt.internal.junit.runner.RemoteTestRunner.runTests(RemoteTestRunner.java:760)
	at org.eclipse.jdt.internal.junit.runner.RemoteTestRunner.run(RemoteTestRunner.java:460)
	at org.eclipse.jdt.internal.junit.runner.RemoteTestRunner.main(RemoteTestRunner.java:206)
INFO  [Mar 21 14:25:03] (AspireLog4j.java:125) - Jar path is:
INFO  [Mar 21 14:25:03] (AspireLog4j.java:125) - Run with IDE - iam not jar
INFO  [Mar 21 14:25:03] (AspireLog4j.java:125) - Logger Object Injected  
INFO  [Mar 21 14:25:03] (AspireLog4j.java:125) - Logger Object Injected  
INFO  [Mar 21 14:25:05] (AspireLog4j.java:125) - Logger Object Injected  
INFO  [Mar 21 14:25:06] (AspireLog4j.java:125) - Before Story Driver Provider initialized 
ERROR [Mar 21 14:27:56] (AspireLog4j.java:243) - Error!!!
org.openqa.selenium.remote.UnreachableBrowserException: Error communicating with the remote browser. It may have died.
Build info: version: '2.53.1', revision: 'a36b8b1cd5757287168e54b817830adce9b0158d', time: '2016-06-30 19:26:09'
System info: host: 'AIP-MALHAJJ', ip: '172.17.130.72', os.name: 'Windows 10', os.arch: 'amd64', os.version: '10.0', java.version: '1.8.0_161'
Driver info: driver.version: RemoteWebDriver
Capabilities [{applicationCacheEnabled=true, rotatable=false, handlesAlerts=true, databaseEnabled=true, version=43.0.1, platform=WINDOWS, nativeEvents=false, acceptSslCerts=true, webStorageEnabled=true, locationContextEnabled=true, browserName=firefox, takesScreenshot=true, javascriptEnabled=true, cssSelectorsEnabled=true}]
Session ID: a5154da5-8d6b-4e19-8fb7-5848b12c7aa7
	at org.openqa.selenium.remote.RemoteWebDriver.execute(RemoteWebDriver.java:665)
	at jo.aspire.web.automationUtil.FixedFirefoxDriver.execute(FixedFirefoxDriver.java:52)
	at org.openqa.selenium.remote.RemoteWebDriver.findElement(RemoteWebDriver.java:363)
	at org.openqa.selenium.remote.RemoteWebDriver.findElementByCssSelector(RemoteWebDriver.java:492)
	at org.openqa.selenium.By$ByCssSelector.findElement(By.java:430)
	at org.openqa.selenium.remote.RemoteWebDriver.findElement(RemoteWebDriver.java:355)
	at org.openqa.selenium.support.ui.ExpectedConditions.findElement(ExpectedConditions.java:911)
	at org.openqa.selenium.support.ui.ExpectedConditions.access$000(ExpectedConditions.java:41)
	at org.openqa.selenium.support.ui.ExpectedConditions$6.apply(ExpectedConditions.java:181)
	at org.openqa.selenium.support.ui.ExpectedConditions$6.apply(ExpectedConditions.java:178)
	at org.openqa.selenium.support.ui.FluentWait.until(FluentWait.java:238)
	at aspire.com.pages.ScitationPage.waitPresenceOfElement(ScitationPage.java:182)
	at aspire.com.pages.ScitationPage.assertNotResult(ScitationPage.java:1011)
	at aspire.com.steps.SitationSteps.AssertNot(SitationSteps.java:57)
	at sun.reflect.NativeMethodAccessorImpl.invoke0(Native Method)
	at sun.reflect.NativeMethodAccessorImpl.invoke(Unknown Source)
	at sun.reflect.DelegatingMethodAccessorImpl.invoke(Unknown Source)
	at java.lang.reflect.Method.invoke(Unknown Source)
	at org.jbehave.core.steps.StepCreator$ParametrisedStep.perform(StepCreator.java:599)
	at org.jbehave.core.embedder.PerformableTree$FineSoFar.run(PerformableTree.java:333)
	at org.jbehave.core.embedder.PerformableTree$PerformableSteps.perform(PerformableTree.java:1042)
	at org.jbehave.core.embedder.PerformableTree$AbstractPerformableScenario.performRestartableSteps(PerformableTree.java:926)
	at org.jbehave.core.embedder.PerformableTree$NormalPerformableScenario.perform(PerformableTree.java:955)
	at org.jbehave.core.embedder.PerformableTree$PerformableScenario.perform(PerformableTree.java:876)
	at org.jbehave.core.embedder.PerformableTree$PerformableStory.performScenarios(PerformableTree.java:804)
	at org.jbehave.core.embedder.PerformableTree$PerformableStory.perform(PerformableTree.java:777)
	at org.jbehave.core.embedder.PerformableTree.performCancellable(PerformableTree.java:409)
	at org.jbehave.core.embedder.PerformableTree.perform(PerformableTree.java:380)
	at org.jbehave.core.embedder.StoryManager$EnqueuedStory.call(StoryManager.java:291)
	at org.jbehave.core.embedder.StoryManager$EnqueuedStory.call(StoryManager.java:265)
	at java.util.concurrent.FutureTask.run(Unknown Source)
	at java.util.concurrent.ThreadPoolExecutor.runWorker(Unknown Source)
	at java.util.concurrent.ThreadPoolExecutor$Worker.run(Unknown Source)
	at java.lang.Thread.run(Unknown Source)
Caused by: org.apache.http.conn.HttpHostConnectException: Connect to 127.0.0.1:7055 [/127.0.0.1] failed: Connection refused: connect
	at org.apache.http.impl.conn.HttpClientConnectionOperator.connect(HttpClientConnectionOperator.java:140)
	at org.apache.http.impl.conn.PoolingHttpClientConnectionManager.connect(PoolingHttpClientConnectionManager.java:314)
	at org.apache.http.impl.execchain.MainClientExec.establishRoute(MainClientExec.java:363)
	at org.apache.http.impl.execchain.MainClientExec.execute(MainClientExec.java:219)
	at org.apache.http.impl.execchain.ProtocolExec.execute(ProtocolExec.java:195)
	at org.apache.http.impl.execchain.RetryExec.execute(RetryExec.java:86)
	at org.apache.http.impl.execchain.RedirectExec.execute(RedirectExec.java:108)
	at org.apache.http.impl.client.InternalHttpClient.doExecute(InternalHttpClient.java:186)
	at org.apache.http.impl.client.CloseableHttpClient.execute(CloseableHttpClient.java:72)
	at org.apache.http.impl.client.CloseableHttpClient.execute(CloseableHttpClient.java:57)
	at org.openqa.selenium.remote.internal.ApacheHttpClient.fallBackExecute(ApacheHttpClient.java:162)
	at org.openqa.selenium.remote.internal.ApacheHttpClient.execute(ApacheHttpClient.java:90)
	at org.openqa.selenium.remote.HttpCommandExecutor.execute(HttpCommandExecutor.java:142)
	at org.openqa.selenium.firefox.internal.NewProfileExtensionConnection.execute(NewProfileExtensionConnection.java:160)
	at org.openqa.selenium.firefox.FirefoxDriver$LazyCommandExecutor.execute(FirefoxDriver.java:380)
	at org.openqa.selenium.remote.RemoteWebDriver.execute(RemoteWebDriver.java:644)
	... 33 more
Caused by: java.net.ConnectException: Connection refused: connect
	at java.net.DualStackPlainSocketImpl.waitForConnect(Native Method)
	at java.net.DualStackPlainSocketImpl.socketConnect(Unknown Source)
	at java.net.AbstractPlainSocketImpl.doConnect(Unknown Source)
	at java.net.AbstractPlainSocketImpl.connectToAddress(Unknown Source)
	at java.net.AbstractPlainSocketImpl.connect(Unknown Source)
	at java.net.PlainSocketImpl.connect(Unknown Source)
	at java.net.SocksSocketImpl.connect(Unknown Source)
	at java.net.Socket.connect(Unknown Source)
	at org.apache.http.conn.socket.PlainConnectionSocketFactory.connectSocket(PlainConnectionSocketFactory.java:72)
	at org.apache.http.impl.conn.HttpClientConnectionOperator.connect(HttpClientConnectionOperator.java:117)
	... 48 more
ERROR [Mar 21 14:27:57] (AspireLog4j.java:243) - Error!!!
org.openqa.selenium.remote.UnreachableBrowserException: Error communicating with the remote browser. It may have died.
Build info: version: '2.53.1', revision: 'a36b8b1cd5757287168e54b817830adce9b0158d', time: '2016-06-30 19:26:09'
System info: host: 'AIP-MALHAJJ', ip: '172.17.130.72', os.name: 'Windows 10', os.arch: 'amd64', os.version: '10.0', java.version: '1.8.0_161'
Driver info: driver.version: RemoteWebDriver
Capabilities [{applicationCacheEnabled=true, rotatable=false, handlesAlerts=true, databaseEnabled=true, version=43.0.1, platform=WINDOWS, nativeEvents=false, acceptSslCerts=true, webStorageEnabled=true, locationContextEnabled=true, browserName=firefox, takesScreenshot=true, javascriptEnabled=true, cssSelectorsEnabled=true}]
Session ID: a5154da5-8d6b-4e19-8fb7-5848b12c7aa7
	at org.openqa.selenium.remote.RemoteWebDriver.execute(RemoteWebDriver.java:665)
	at jo.aspire.web.automationUtil.FixedFirefoxDriver.execute(FixedFirefoxDriver.java:52)
	at org.openqa.selenium.remote.RemoteWebDriver.findElement(RemoteWebDriver.java:363)
	at org.openqa.selenium.remote.RemoteWebDriver.findElementByCssSelector(RemoteWebDriver.java:492)
	at org.openqa.selenium.By$ByCssSelector.findElement(By.java:430)
	at org.openqa.selenium.remote.RemoteWebDriver.findElement(RemoteWebDriver.java:355)
	at org.openqa.selenium.support.ui.ExpectedConditions.findElement(ExpectedConditions.java:911)
	at org.openqa.selenium.support.ui.ExpectedConditions.access$000(ExpectedConditions.java:41)
	at org.openqa.selenium.support.ui.ExpectedConditions$6.apply(ExpectedConditions.java:181)
	at org.openqa.selenium.support.ui.ExpectedConditions$6.apply(ExpectedConditions.java:178)
	at org.openqa.selenium.support.ui.FluentWait.until(FluentWait.java:238)
	at aspire.com.pages.ScitationPage.waitPresenceOfElement(ScitationPage.java:182)
	at aspire.com.pages.ScitationPage.assertNotResult(ScitationPage.java:1011)
	at aspire.com.steps.SitationSteps.AssertNot(SitationSteps.java:57)
	at sun.reflect.NativeMethodAccessorImpl.invoke0(Native Method)
	at sun.reflect.NativeMethodAccessorImpl.invoke(Unknown Source)
	at sun.reflect.DelegatingMethodAccessorImpl.invoke(Unknown Source)
	at java.lang.reflect.Method.invoke(Unknown Source)
	at org.jbehave.core.steps.StepCreator$ParametrisedStep.perform(StepCreator.java:599)
	at org.jbehave.core.embedder.PerformableTree$FineSoFar.run(PerformableTree.java:333)
	at org.jbehave.core.embedder.PerformableTree$PerformableSteps.perform(PerformableTree.java:1042)
	at org.jbehave.core.embedder.PerformableTree$AbstractPerformableScenario.performRestartableSteps(PerformableTree.java:926)
	at org.jbehave.core.embedder.PerformableTree$NormalPerformableScenario.perform(PerformableTree.java:955)
	at org.jbehave.core.embedder.PerformableTree$PerformableScenario.perform(PerformableTree.java:876)
	at org.jbehave.core.embedder.PerformableTree$PerformableStory.performScenarios(PerformableTree.java:804)
	at org.jbehave.core.embedder.PerformableTree$PerformableStory.perform(PerformableTree.java:777)
	at org.jbehave.core.embedder.PerformableTree.performCancellable(PerformableTree.java:409)
	at org.jbehave.core.embedder.PerformableTree.perform(PerformableTree.java:380)
	at org.jbehave.core.embedder.StoryManager$EnqueuedStory.call(StoryManager.java:291)
	at org.jbehave.core.embedder.StoryManager$EnqueuedStory.call(StoryManager.java:265)
	at java.util.concurrent.FutureTask.run(Unknown Source)
	at java.util.concurrent.ThreadPoolExecutor.runWorker(Unknown Source)
	at java.util.concurrent.ThreadPoolExecutor$Worker.run(Unknown Source)
	at java.lang.Thread.run(Unknown Source)
Caused by: org.apache.http.conn.HttpHostConnectException: Connect to 127.0.0.1:7055 [/127.0.0.1] failed: Connection refused: connect
	at org.apache.http.impl.conn.HttpClientConnectionOperator.connect(HttpClientConnectionOperator.java:140)
	at org.apache.http.impl.conn.PoolingHttpClientConnectionManager.connect(PoolingHttpClientConnectionManager.java:314)
	at org.apache.http.impl.execchain.MainClientExec.establishRoute(MainClientExec.java:363)
	at org.apache.http.impl.execchain.MainClientExec.execute(MainClientExec.java:219)
	at org.apache.http.impl.execchain.ProtocolExec.execute(ProtocolExec.java:195)
	at org.apache.http.impl.execchain.RetryExec.execute(RetryExec.java:86)
	at org.apache.http.impl.execchain.RedirectExec.execute(RedirectExec.java:108)
	at org.apache.http.impl.client.InternalHttpClient.doExecute(InternalHttpClient.java:186)
	at org.apache.http.impl.client.CloseableHttpClient.execute(CloseableHttpClient.java:72)
	at org.apache.http.impl.client.CloseableHttpClient.execute(CloseableHttpClient.java:57)
	at org.openqa.selenium.remote.internal.ApacheHttpClient.fallBackExecute(ApacheHttpClient.java:144)
	at org.openqa.selenium.remote.internal.ApacheHttpClient.execute(ApacheHttpClient.java:90)
	at org.openqa.selenium.remote.HttpCommandExecutor.execute(HttpCommandExecutor.java:142)
	at org.openqa.selenium.firefox.internal.NewProfileExtensionConnection.execute(NewProfileExtensionConnection.java:160)
	at org.openqa.selenium.firefox.FirefoxDriver$LazyCommandExecutor.execute(FirefoxDriver.java:380)
	at org.openqa.selenium.remote.RemoteWebDriver.execute(RemoteWebDriver.java:644)
	... 33 more
Caused by: java.net.ConnectException: Connection refused: connect
	at java.net.DualStackPlainSocketImpl.waitForConnect(Native Method)
	at java.net.DualStackPlainSocketImpl.socketConnect(Unknown Source)
	at java.net.AbstractPlainSocketImpl.doConnect(Unknown Source)
	at java.net.AbstractPlainSocketImpl.connectToAddress(Unknown Source)
	at java.net.AbstractPlainSocketImpl.connect(Unknown Source)
	at java.net.PlainSocketImpl.connect(Unknown Source)
	at java.net.SocksSocketImpl.connect(Unknown Source)
	at java.net.Socket.connect(Unknown Source)
	at org.apache.http.conn.socket.PlainConnectionSocketFactory.connectSocket(PlainConnectionSocketFactory.java:72)
	at org.apache.http.impl.conn.HttpClientConnectionOperator.connect(HttpClientConnectionOperator.java:117)
	... 48 more
ERROR [Mar 21 14:27:58] (AspireLog4j.java:243) - Error!!!
org.openqa.selenium.remote.UnreachableBrowserException: Error communicating with the remote browser. It may have died.
Build info: version: '2.53.1', revision: 'a36b8b1cd5757287168e54b817830adce9b0158d', time: '2016-06-30 19:26:09'
System info: host: 'AIP-MALHAJJ', ip: '172.17.130.72', os.name: 'Windows 10', os.arch: 'amd64', os.version: '10.0', java.version: '1.8.0_161'
Driver info: driver.version: RemoteWebDriver
Capabilities [{applicationCacheEnabled=true, rotatable=false, handlesAlerts=true, databaseEnabled=true, version=43.0.1, platform=WINDOWS, nativeEvents=false, acceptSslCerts=true, webStorageEnabled=true, locationContextEnabled=true, browserName=firefox, takesScreenshot=true, javascriptEnabled=true, cssSelectorsEnabled=true}]
Session ID: a5154da5-8d6b-4e19-8fb7-5848b12c7aa7
	at org.openqa.selenium.remote.RemoteWebDriver.execute(RemoteWebDriver.java:665)
	at jo.aspire.web.automationUtil.FixedFirefoxDriver.execute(FixedFirefoxDriver.java:52)
	at org.openqa.selenium.remote.RemoteWebDriver.findElement(RemoteWebDriver.java:363)
	at org.openqa.selenium.remote.RemoteWebDriver.findElementByCssSelector(RemoteWebDriver.java:492)
	at org.openqa.selenium.By$ByCssSelector.findElement(By.java:430)
	at org.openqa.selenium.remote.RemoteWebDriver.findElement(RemoteWebDriver.java:355)
	at org.openqa.selenium.support.ui.ExpectedConditions.findElement(ExpectedConditions.java:911)
	at org.openqa.selenium.support.ui.ExpectedConditions.access$000(ExpectedConditions.java:41)
	at org.openqa.selenium.support.ui.ExpectedConditions$6.apply(ExpectedConditions.java:181)
	at org.openqa.selenium.support.ui.ExpectedConditions$6.apply(ExpectedConditions.java:178)
	at org.openqa.selenium.support.ui.FluentWait.until(FluentWait.java:238)
	at aspire.com.pages.ScitationPage.waitPresenceOfElement(ScitationPage.java:182)
	at aspire.com.pages.ScitationPage.assertNotResult(ScitationPage.java:1011)
	at aspire.com.steps.SitationSteps.AssertNot(SitationSteps.java:57)
	at sun.reflect.NativeMethodAccessorImpl.invoke0(Native Method)
	at sun.reflect.NativeMethodAccessorImpl.invoke(Unknown Source)
	at sun.reflect.DelegatingMethodAccessorImpl.invoke(Unknown Source)
	at java.lang.reflect.Method.invoke(Unknown Source)
	at org.jbehave.core.steps.StepCreator$ParametrisedStep.perform(StepCreator.java:599)
	at org.jbehave.core.embedder.PerformableTree$FineSoFar.run(PerformableTree.java:333)
	at org.jbehave.core.embedder.PerformableTree$PerformableSteps.perform(PerformableTree.java:1042)
	at org.jbehave.core.embedder.PerformableTree$AbstractPerformableScenario.performRestartableSteps(PerformableTree.java:926)
	at org.jbehave.core.embedder.PerformableTree$NormalPerformableScenario.perform(PerformableTree.java:955)
	at org.jbehave.core.embedder.PerformableTree$PerformableScenario.perform(PerformableTree.java:876)
	at org.jbehave.core.embedder.PerformableTree$PerformableStory.performScenarios(PerformableTree.java:804)
	at org.jbehave.core.embedder.PerformableTree$PerformableStory.perform(PerformableTree.java:777)
	at org.jbehave.core.embedder.PerformableTree.performCancellable(PerformableTree.java:409)
	at org.jbehave.core.embedder.PerformableTree.perform(PerformableTree.java:380)
	at org.jbehave.core.embedder.StoryManager$EnqueuedStory.call(StoryManager.java:291)
	at org.jbehave.core.embedder.StoryManager$EnqueuedStory.call(StoryManager.java:265)
	at java.util.concurrent.FutureTask.run(Unknown Source)
	at java.util.concurrent.ThreadPoolExecutor.runWorker(Unknown Source)
	at java.util.concurrent.ThreadPoolExecutor$Worker.run(Unknown Source)
	at java.lang.Thread.run(Unknown Source)
Caused by: org.apache.http.conn.HttpHostConnectException: Connect to 127.0.0.1:7055 [/127.0.0.1] failed: Connection refused: connect
	at org.apache.http.impl.conn.HttpClientConnectionOperator.connect(HttpClientConnectionOperator.java:140)
	at org.apache.http.impl.conn.PoolingHttpClientConnectionManager.connect(PoolingHttpClientConnectionManager.java:314)
	at org.apache.http.impl.execchain.MainClientExec.establishRoute(MainClientExec.java:363)
	at org.apache.http.impl.execchain.MainClientExec.execute(MainClientExec.java:219)
	at org.apache.http.impl.execchain.ProtocolExec.execute(ProtocolExec.java:195)
	at org.apache.http.impl.execchain.RetryExec.execute(RetryExec.java:86)
	at org.apache.http.impl.execchain.RedirectExec.execute(RedirectExec.java:108)
	at org.apache.http.impl.client.InternalHttpClient.doExecute(InternalHttpClient.java:186)
	at org.apache.http.impl.client.CloseableHttpClient.execute(CloseableHttpClient.java:72)
	at org.apache.http.impl.client.CloseableHttpClient.execute(CloseableHttpClient.java:57)
	at org.openqa.selenium.remote.internal.ApacheHttpClient.fallBackExecute(ApacheHttpClient.java:144)
	at org.openqa.selenium.remote.internal.ApacheHttpClient.execute(ApacheHttpClient.java:90)
	at org.openqa.selenium.remote.HttpCommandExecutor.execute(HttpCommandExecutor.java:142)
	at org.openqa.selenium.firefox.internal.NewProfileExtensionConnection.execute(NewProfileExtensionConnection.java:160)
	at org.openqa.selenium.firefox.FirefoxDriver$LazyCommandExecutor.execute(FirefoxDriver.java:380)
	at org.openqa.selenium.remote.RemoteWebDriver.execute(RemoteWebDriver.java:644)
	... 33 more
Caused by: java.net.ConnectException: Connection refused: connect
	at java.net.DualStackPlainSocketImpl.waitForConnect(Native Method)
	at java.net.DualStackPlainSocketImpl.socketConnect(Unknown Source)
	at java.net.AbstractPlainSocketImpl.doConnect(Unknown Source)
	at java.net.AbstractPlainSocketImpl.connectToAddress(Unknown Source)
	at java.net.AbstractPlainSocketImpl.connect(Unknown Source)
	at java.net.PlainSocketImpl.connect(Unknown Source)
	at java.net.SocksSocketImpl.connect(Unknown Source)
	at java.net.Socket.connect(Unknown Source)
	at org.apache.http.conn.socket.PlainConnectionSocketFactory.connectSocket(PlainConnectionSocketFactory.java:72)
	at org.apache.http.impl.conn.HttpClientConnectionOperator.connect(HttpClientConnectionOperator.java:117)
	... 48 more
ERROR [Mar 21 14:27:59] (AspireLog4j.java:243) - Error!!!
org.openqa.selenium.remote.UnreachableBrowserException: Error communicating with the remote browser. It may have died.
Build info: version: '2.53.1', revision: 'a36b8b1cd5757287168e54b817830adce9b0158d', time: '2016-06-30 19:26:09'
System info: host: 'AIP-MALHAJJ', ip: '172.17.130.72', os.name: 'Windows 10', os.arch: 'amd64', os.version: '10.0', java.version: '1.8.0_161'
Driver info: driver.version: RemoteWebDriver
Capabilities [{applicationCacheEnabled=true, rotatable=false, handlesAlerts=true, databaseEnabled=true, version=43.0.1, platform=WINDOWS, nativeEvents=false, acceptSslCerts=true, webStorageEnabled=true, locationContextEnabled=true, browserName=firefox, takesScreenshot=true, javascriptEnabled=true, cssSelectorsEnabled=true}]
Session ID: a5154da5-8d6b-4e19-8fb7-5848b12c7aa7
	at org.openqa.selenium.remote.RemoteWebDriver.execute(RemoteWebDriver.java:665)
	at jo.aspire.web.automationUtil.FixedFirefoxDriver.execute(FixedFirefoxDriver.java:52)
	at org.openqa.selenium.remote.RemoteWebDriver.findElement(RemoteWebDriver.java:363)
	at org.openqa.selenium.remote.RemoteWebDriver.findElementByCssSelector(RemoteWebDriver.java:492)
	at org.openqa.selenium.By$ByCssSelector.findElement(By.java:430)
	at org.openqa.selenium.remote.RemoteWebDriver.findElement(RemoteWebDriver.java:355)
	at org.jbehave.web.selenium.WebDriverPage.findElement(WebDriverPage.java:56)
	at aspire.com.pages.ScitationPage.assertNotResult(ScitationPage.java:1012)
	at aspire.com.steps.SitationSteps.AssertNot(SitationSteps.java:57)
	at sun.reflect.NativeMethodAccessorImpl.invoke0(Native Method)
	at sun.reflect.NativeMethodAccessorImpl.invoke(Unknown Source)
	at sun.reflect.DelegatingMethodAccessorImpl.invoke(Unknown Source)
	at java.lang.reflect.Method.invoke(Unknown Source)
	at org.jbehave.core.steps.StepCreator$ParametrisedStep.perform(StepCreator.java:599)
	at org.jbehave.core.embedder.PerformableTree$FineSoFar.run(PerformableTree.java:333)
	at org.jbehave.core.embedder.PerformableTree$PerformableSteps.perform(PerformableTree.java:1042)
	at org.jbehave.core.embedder.PerformableTree$AbstractPerformableScenario.performRestartableSteps(PerformableTree.java:926)
	at org.jbehave.core.embedder.PerformableTree$NormalPerformableScenario.perform(PerformableTree.java:955)
	at org.jbehave.core.embedder.PerformableTree$PerformableScenario.perform(PerformableTree.java:876)
	at org.jbehave.core.embedder.PerformableTree$PerformableStory.performScenarios(PerformableTree.java:804)
	at org.jbehave.core.embedder.PerformableTree$PerformableStory.perform(PerformableTree.java:777)
	at org.jbehave.core.embedder.PerformableTree.performCancellable(PerformableTree.java:409)
	at org.jbehave.core.embedder.PerformableTree.perform(PerformableTree.java:380)
	at org.jbehave.core.embedder.StoryManager$EnqueuedStory.call(StoryManager.java:291)
	at org.jbehave.core.embedder.StoryManager$EnqueuedStory.call(StoryManager.java:265)
	at java.util.concurrent.FutureTask.run(Unknown Source)
	at java.util.concurrent.ThreadPoolExecutor.runWorker(Unknown Source)
	at java.util.concurrent.ThreadPoolExecutor$Worker.run(Unknown Source)
	at java.lang.Thread.run(Unknown Source)
Caused by: org.apache.http.conn.HttpHostConnectException: Connect to 127.0.0.1:7055 [/127.0.0.1] failed: Connection refused: connect
	at org.apache.http.impl.conn.HttpClientConnectionOperator.connect(HttpClientConnectionOperator.java:140)
	at org.apache.http.impl.conn.PoolingHttpClientConnectionManager.connect(PoolingHttpClientConnectionManager.java:314)
	at org.apache.http.impl.execchain.MainClientExec.establishRoute(MainClientExec.java:363)
	at org.apache.http.impl.execchain.MainClientExec.execute(MainClientExec.java:219)
	at org.apache.http.impl.execchain.ProtocolExec.execute(ProtocolExec.java:195)
	at org.apache.http.impl.execchain.RetryExec.execute(RetryExec.java:86)
	at org.apache.http.impl.execchain.RedirectExec.execute(RedirectExec.java:108)
	at org.apache.http.impl.client.InternalHttpClient.doExecute(InternalHttpClient.java:186)
	at org.apache.http.impl.client.CloseableHttpClient.execute(CloseableHttpClient.java:72)
	at org.apache.http.impl.client.CloseableHttpClient.execute(CloseableHttpClient.java:57)
	at org.openqa.selenium.remote.internal.ApacheHttpClient.fallBackExecute(ApacheHttpClient.java:144)
	at org.openqa.selenium.remote.internal.ApacheHttpClient.execute(ApacheHttpClient.java:90)
	at org.openqa.selenium.remote.HttpCommandExecutor.execute(HttpCommandExecutor.java:142)
	at org.openqa.selenium.firefox.internal.NewProfileExtensionConnection.execute(NewProfileExtensionConnection.java:160)
	at org.openqa.selenium.firefox.FirefoxDriver$LazyCommandExecutor.execute(FirefoxDriver.java:380)
	at org.openqa.selenium.remote.RemoteWebDriver.execute(RemoteWebDriver.java:644)
	... 28 more
Caused by: java.net.ConnectException: Connection refused: connect
	at java.net.DualStackPlainSocketImpl.waitForConnect(Native Method)
	at java.net.DualStackPlainSocketImpl.socketConnect(Unknown Source)
	at java.net.AbstractPlainSocketImpl.doConnect(Unknown Source)
	at java.net.AbstractPlainSocketImpl.connectToAddress(Unknown Source)
	at java.net.AbstractPlainSocketImpl.connect(Unknown Source)
	at java.net.PlainSocketImpl.connect(Unknown Source)
	at java.net.SocksSocketImpl.connect(Unknown Source)
	at java.net.Socket.connect(Unknown Source)
	at org.apache.http.conn.socket.PlainConnectionSocketFactory.connectSocket(PlainConnectionSocketFactory.java:72)
	at org.apache.http.impl.conn.HttpClientConnectionOperator.connect(HttpClientConnectionOperator.java:117)
	... 43 more
ERROR [Mar 21 14:28:00] (AspireLog4j.java:243) - Error!!!
org.openqa.selenium.remote.UnreachableBrowserException: Error communicating with the remote browser. It may have died.
Build info: version: '2.53.1', revision: 'a36b8b1cd5757287168e54b817830adce9b0158d', time: '2016-06-30 19:26:09'
System info: host: 'AIP-MALHAJJ', ip: '172.17.130.72', os.name: 'Windows 10', os.arch: 'amd64', os.version: '10.0', java.version: '1.8.0_161'
Driver info: driver.version: RemoteWebDriver
Capabilities [{applicationCacheEnabled=true, rotatable=false, handlesAlerts=true, databaseEnabled=true, version=43.0.1, platform=WINDOWS, nativeEvents=false, acceptSslCerts=true, webStorageEnabled=true, locationContextEnabled=true, browserName=firefox, takesScreenshot=true, javascriptEnabled=true, cssSelectorsEnabled=true}]
Session ID: a5154da5-8d6b-4e19-8fb7-5848b12c7aa7
	at org.openqa.selenium.remote.RemoteWebDriver.execute(RemoteWebDriver.java:665)
	at jo.aspire.web.automationUtil.FixedFirefoxDriver.execute(FixedFirefoxDriver.java:52)
	at org.openqa.selenium.remote.RemoteWebDriver.findElement(RemoteWebDriver.java:363)
	at org.openqa.selenium.remote.RemoteWebDriver.findElementByCssSelector(RemoteWebDriver.java:492)
	at org.openqa.selenium.By$ByCssSelector.findElement(By.java:430)
	at org.openqa.selenium.remote.RemoteWebDriver.findElement(RemoteWebDriver.java:355)
	at org.jbehave.web.selenium.WebDriverPage.findElement(WebDriverPage.java:56)
	at aspire.com.pages.ScitationPage.assertNotResult(ScitationPage.java:1012)
	at aspire.com.steps.SitationSteps.AssertNot(SitationSteps.java:57)
	at sun.reflect.NativeMethodAccessorImpl.invoke0(Native Method)
	at sun.reflect.NativeMethodAccessorImpl.invoke(Unknown Source)
	at sun.reflect.DelegatingMethodAccessorImpl.invoke(Unknown Source)
	at java.lang.reflect.Method.invoke(Unknown Source)
	at org.jbehave.core.steps.StepCreator$ParametrisedStep.perform(StepCreator.java:599)
	at org.jbehave.core.embedder.PerformableTree$FineSoFar.run(PerformableTree.java:333)
	at org.jbehave.core.embedder.PerformableTree$PerformableSteps.perform(PerformableTree.java:1042)
	at org.jbehave.core.embedder.PerformableTree$AbstractPerformableScenario.performRestartableSteps(PerformableTree.java:926)
	at org.jbehave.core.embedder.PerformableTree$NormalPerformableScenario.perform(PerformableTree.java:955)
	at org.jbehave.core.embedder.PerformableTree$PerformableScenario.perform(PerformableTree.java:876)
	at org.jbehave.core.embedder.PerformableTree$PerformableStory.performScenarios(PerformableTree.java:804)
	at org.jbehave.core.embedder.PerformableTree$PerformableStory.perform(PerformableTree.java:777)
	at org.jbehave.core.embedder.PerformableTree.performCancellable(PerformableTree.java:409)
	at org.jbehave.core.embedder.PerformableTree.perform(PerformableTree.java:380)
	at org.jbehave.core.embedder.StoryManager$EnqueuedStory.call(StoryManager.java:291)
	at org.jbehave.core.embedder.StoryManager$EnqueuedStory.call(StoryManager.java:265)
	at java.util.concurrent.FutureTask.run(Unknown Source)
	at java.util.concurrent.ThreadPoolExecutor.runWorker(Unknown Source)
	at java.util.concurrent.ThreadPoolExecutor$Worker.run(Unknown Source)
	at java.lang.Thread.run(Unknown Source)
Caused by: org.apache.http.conn.HttpHostConnectException: Connect to 127.0.0.1:7055 [/127.0.0.1] failed: Connection refused: connect
	at org.apache.http.impl.conn.HttpClientConnectionOperator.connect(HttpClientConnectionOperator.java:140)
	at org.apache.http.impl.conn.PoolingHttpClientConnectionManager.connect(PoolingHttpClientConnectionManager.java:314)
	at org.apache.http.impl.execchain.MainClientExec.establishRoute(MainClientExec.java:363)
	at org.apache.http.impl.execchain.MainClientExec.execute(MainClientExec.java:219)
	at org.apache.http.impl.execchain.ProtocolExec.execute(ProtocolExec.java:195)
	at org.apache.http.impl.execchain.RetryExec.execute(RetryExec.java:86)
	at org.apache.http.impl.execchain.RedirectExec.execute(RedirectExec.java:108)
	at org.apache.http.impl.client.InternalHttpClient.doExecute(InternalHttpClient.java:186)
	at org.apache.http.impl.client.CloseableHttpClient.execute(CloseableHttpClient.java:72)
	at org.apache.http.impl.client.CloseableHttpClient.execute(CloseableHttpClient.java:57)
	at org.openqa.selenium.remote.internal.ApacheHttpClient.fallBackExecute(ApacheHttpClient.java:144)
	at org.openqa.selenium.remote.internal.ApacheHttpClient.execute(ApacheHttpClient.java:90)
	at org.openqa.selenium.remote.HttpCommandExecutor.execute(HttpCommandExecutor.java:142)
	at org.openqa.selenium.firefox.internal.NewProfileExtensionConnection.execute(NewProfileExtensionConnection.java:160)
	at org.openqa.selenium.firefox.FirefoxDriver$LazyCommandExecutor.execute(FirefoxDriver.java:380)
	at org.openqa.selenium.remote.RemoteWebDriver.execute(RemoteWebDriver.java:644)
	... 28 more
Caused by: java.net.ConnectException: Connection refused: connect
	at java.net.DualStackPlainSocketImpl.waitForConnect(Native Method)
	at java.net.DualStackPlainSocketImpl.socketConnect(Unknown Source)
	at java.net.AbstractPlainSocketImpl.doConnect(Unknown Source)
	at java.net.AbstractPlainSocketImpl.connectToAddress(Unknown Source)
	at java.net.AbstractPlainSocketImpl.connect(Unknown Source)
	at java.net.PlainSocketImpl.connect(Unknown Source)
	at java.net.SocksSocketImpl.connect(Unknown Source)
	at java.net.Socket.connect(Unknown Source)
	at org.apache.http.conn.socket.PlainConnectionSocketFactory.connectSocket(PlainConnectionSocketFactory.java:72)
	at org.apache.http.impl.conn.HttpClientConnectionOperator.connect(HttpClientConnectionOperator.java:117)
	... 43 more
ERROR [Mar 21 14:28:01] (AspireLog4j.java:243) - Error!!!
org.openqa.selenium.remote.UnreachableBrowserException: Error communicating with the remote browser. It may have died.
Build info: version: '2.53.1', revision: 'a36b8b1cd5757287168e54b817830adce9b0158d', time: '2016-06-30 19:26:09'
System info: host: 'AIP-MALHAJJ', ip: '172.17.130.72', os.name: 'Windows 10', os.arch: 'amd64', os.version: '10.0', java.version: '1.8.0_161'
Driver info: driver.version: RemoteWebDriver
Capabilities [{applicationCacheEnabled=true, rotatable=false, handlesAlerts=true, databaseEnabled=true, version=43.0.1, platform=WINDOWS, nativeEvents=false, acceptSslCerts=true, webStorageEnabled=true, locationContextEnabled=true, browserName=firefox, takesScreenshot=true, javascriptEnabled=true, cssSelectorsEnabled=true}]
Session ID: a5154da5-8d6b-4e19-8fb7-5848b12c7aa7
	at org.openqa.selenium.remote.RemoteWebDriver.execute(RemoteWebDriver.java:665)
	at jo.aspire.web.automationUtil.FixedFirefoxDriver.execute(FixedFirefoxDriver.java:52)
	at org.openqa.selenium.remote.RemoteWebDriver.findElement(RemoteWebDriver.java:363)
	at org.openqa.selenium.remote.RemoteWebDriver.findElementByCssSelector(RemoteWebDriver.java:492)
	at org.openqa.selenium.By$ByCssSelector.findElement(By.java:430)
	at org.openqa.selenium.remote.RemoteWebDriver.findElement(RemoteWebDriver.java:355)
	at org.jbehave.web.selenium.WebDriverPage.findElement(WebDriverPage.java:56)
	at aspire.com.pages.ScitationPage.assertNotResult(ScitationPage.java:1012)
	at aspire.com.steps.SitationSteps.AssertNot(SitationSteps.java:57)
	at sun.reflect.NativeMethodAccessorImpl.invoke0(Native Method)
	at sun.reflect.NativeMethodAccessorImpl.invoke(Unknown Source)
	at sun.reflect.DelegatingMethodAccessorImpl.invoke(Unknown Source)
	at java.lang.reflect.Method.invoke(Unknown Source)
	at org.jbehave.core.steps.StepCreator$ParametrisedStep.perform(StepCreator.java:599)
	at org.jbehave.core.embedder.PerformableTree$FineSoFar.run(PerformableTree.java:333)
	at org.jbehave.core.embedder.PerformableTree$PerformableSteps.perform(PerformableTree.java:1042)
	at org.jbehave.core.embedder.PerformableTree$AbstractPerformableScenario.performRestartableSteps(PerformableTree.java:926)
	at org.jbehave.core.embedder.PerformableTree$NormalPerformableScenario.perform(PerformableTree.java:955)
	at org.jbehave.core.embedder.PerformableTree$PerformableScenario.perform(PerformableTree.java:876)
	at org.jbehave.core.embedder.PerformableTree$PerformableStory.performScenarios(PerformableTree.java:804)
	at org.jbehave.core.embedder.PerformableTree$PerformableStory.perform(PerformableTree.java:777)
	at org.jbehave.core.embedder.PerformableTree.performCancellable(PerformableTree.java:409)
	at org.jbehave.core.embedder.PerformableTree.perform(PerformableTree.java:380)
	at org.jbehave.core.embedder.StoryManager$EnqueuedStory.call(StoryManager.java:291)
	at org.jbehave.core.embedder.StoryManager$EnqueuedStory.call(StoryManager.java:265)
	at java.util.concurrent.FutureTask.run(Unknown Source)
	at java.util.concurrent.ThreadPoolExecutor.runWorker(Unknown Source)
	at java.util.concurrent.ThreadPoolExecutor$Worker.run(Unknown Source)
	at java.lang.Thread.run(Unknown Source)
Caused by: org.apache.http.conn.HttpHostConnectException: Connect to 127.0.0.1:7055 [/127.0.0.1] failed: Connection refused: connect
	at org.apache.http.impl.conn.HttpClientConnectionOperator.connect(HttpClientConnectionOperator.java:140)
	at org.apache.http.impl.conn.PoolingHttpClientConnectionManager.connect(PoolingHttpClientConnectionManager.java:314)
	at org.apache.http.impl.execchain.MainClientExec.establishRoute(MainClientExec.java:363)
	at org.apache.http.impl.execchain.MainClientExec.execute(MainClientExec.java:219)
	at org.apache.http.impl.execchain.ProtocolExec.execute(ProtocolExec.java:195)
	at org.apache.http.impl.execchain.RetryExec.execute(RetryExec.java:86)
	at org.apache.http.impl.execchain.RedirectExec.execute(RedirectExec.java:108)
	at org.apache.http.impl.client.InternalHttpClient.doExecute(InternalHttpClient.java:186)
	at org.apache.http.impl.client.CloseableHttpClient.execute(CloseableHttpClient.java:72)
	at org.apache.http.impl.client.CloseableHttpClient.execute(CloseableHttpClient.java:57)
	at org.openqa.selenium.remote.internal.ApacheHttpClient.fallBackExecute(ApacheHttpClient.java:144)
	at org.openqa.selenium.remote.internal.ApacheHttpClient.execute(ApacheHttpClient.java:90)
	at org.openqa.selenium.remote.HttpCommandExecutor.execute(HttpCommandExecutor.java:142)
	at org.openqa.selenium.firefox.internal.NewProfileExtensionConnection.execute(NewProfileExtensionConnection.java:160)
	at org.openqa.selenium.firefox.FirefoxDriver$LazyCommandExecutor.execute(FirefoxDriver.java:380)
	at org.openqa.selenium.remote.RemoteWebDriver.execute(RemoteWebDriver.java:644)
	... 28 more
Caused by: java.net.ConnectException: Connection refused: connect
	at java.net.DualStackPlainSocketImpl.waitForConnect(Native Method)
	at java.net.DualStackPlainSocketImpl.socketConnect(Unknown Source)
	at java.net.AbstractPlainSocketImpl.doConnect(Unknown Source)
	at java.net.AbstractPlainSocketImpl.connectToAddress(Unknown Source)
	at java.net.AbstractPlainSocketImpl.connect(Unknown Source)
	at java.net.PlainSocketImpl.connect(Unknown Source)
	at java.net.SocksSocketImpl.connect(Unknown Source)
	at java.net.Socket.connect(Unknown Source)
	at org.apache.http.conn.socket.PlainConnectionSocketFactory.connectSocket(PlainConnectionSocketFactory.java:72)
	at org.apache.http.impl.conn.HttpClientConnectionOperator.connect(HttpClientConnectionOperator.java:117)
	... 43 more
ERROR [Mar 21 14:28:02] (AspireLog4j.java:243) - Error!!!
org.openqa.selenium.remote.UnreachableBrowserException: Error communicating with the remote browser. It may have died.
Build info: version: '2.53.1', revision: 'a36b8b1cd5757287168e54b817830adce9b0158d', time: '2016-06-30 19:26:09'
System info: host: 'AIP-MALHAJJ', ip: '172.17.130.72', os.name: 'Windows 10', os.arch: 'amd64', os.version: '10.0', java.version: '1.8.0_161'
Driver info: driver.version: FirefoxDriver
Capabilities [{applicationCacheEnabled=true, rotatable=false, handlesAlerts=true, databaseEnabled=true, version=43.0.1, platform=WINDOWS, nativeEvents=false, acceptSslCerts=true, webStorageEnabled=true, locationContextEnabled=true, browserName=firefox, takesScreenshot=true, javascriptEnabled=true, cssSelectorsEnabled=true}]
Session ID: a5154da5-8d6b-4e19-8fb7-5848b12c7aa7
	at org.openqa.selenium.remote.RemoteWebDriver.execute(RemoteWebDriver.java:665)
	at jo.aspire.web.automationUtil.FixedFirefoxDriver.execute(FixedFirefoxDriver.java:52)
	at org.openqa.selenium.remote.RemoteWebDriver.execute(RemoteWebDriver.java:701)
	at org.openqa.selenium.firefox.FirefoxDriver.getScreenshotAs(FirefoxDriver.java:341)
	at com.aspire.automationReport.ReportWebDriverHandler.saveScreenshot(ReportWebDriverHandler.java:102)
	at com.aspire.automationReport.AspireReport.failed(AspireReport.java:381)
	at org.jbehave.core.reporters.DelegatingStoryReporter.failed(DelegatingStoryReporter.java:103)
	at org.jbehave.core.reporters.ConcurrentStoryReporter.failed(ConcurrentStoryReporter.java:275)
	at org.jbehave.core.steps.AbstractStepResult$Failed.describeTo(AbstractStepResult.java:40)
	at org.jbehave.core.embedder.PerformableTree$FineSoFar.run(PerformableTree.java:335)
	at org.jbehave.core.embedder.PerformableTree$PerformableSteps.perform(PerformableTree.java:1042)
	at org.jbehave.core.embedder.PerformableTree$AbstractPerformableScenario.performRestartableSteps(PerformableTree.java:926)
	at org.jbehave.core.embedder.PerformableTree$NormalPerformableScenario.perform(PerformableTree.java:955)
	at org.jbehave.core.embedder.PerformableTree$PerformableScenario.perform(PerformableTree.java:876)
	at org.jbehave.core.embedder.PerformableTree$PerformableStory.performScenarios(PerformableTree.java:804)
	at org.jbehave.core.embedder.PerformableTree$PerformableStory.perform(PerformableTree.java:777)
	at org.jbehave.core.embedder.PerformableTree.performCancellable(PerformableTree.java:409)
	at org.jbehave.core.embedder.PerformableTree.perform(PerformableTree.java:380)
	at org.jbehave.core.embedder.StoryManager$EnqueuedStory.call(StoryManager.java:291)
	at org.jbehave.core.embedder.StoryManager$EnqueuedStory.call(StoryManager.java:265)
	at java.util.concurrent.FutureTask.run(Unknown Source)
	at java.util.concurrent.ThreadPoolExecutor.runWorker(Unknown Source)
	at java.util.concurrent.ThreadPoolExecutor$Worker.run(Unknown Source)
	at java.lang.Thread.run(Unknown Source)
Caused by: org.apache.http.conn.HttpHostConnectException: Connect to 127.0.0.1:7055 [/127.0.0.1] failed: Connection refused: connect
	at org.apache.http.impl.conn.HttpClientConnectionOperator.connect(HttpClientConnectionOperator.java:140)
	at org.apache.http.impl.conn.PoolingHttpClientConnectionManager.connect(PoolingHttpClientConnectionManager.java:314)
	at org.apache.http.impl.execchain.MainClientExec.establishRoute(MainClientExec.java:363)
	at org.apache.http.impl.execchain.MainClientExec.execute(MainClientExec.java:219)
	at org.apache.http.impl.execchain.ProtocolExec.execute(ProtocolExec.java:195)
	at org.apache.http.impl.execchain.RetryExec.execute(RetryExec.java:86)
	at org.apache.http.impl.execchain.RedirectExec.execute(RedirectExec.java:108)
	at org.apache.http.impl.client.InternalHttpClient.doExecute(InternalHttpClient.java:186)
	at org.apache.http.impl.client.CloseableHttpClient.execute(CloseableHttpClient.java:72)
	at org.apache.http.impl.client.CloseableHttpClient.execute(CloseableHttpClient.java:57)
	at org.openqa.selenium.remote.internal.ApacheHttpClient.fallBackExecute(ApacheHttpClient.java:144)
	at org.openqa.selenium.remote.internal.ApacheHttpClient.execute(ApacheHttpClient.java:90)
	at org.openqa.selenium.remote.HttpCommandExecutor.execute(HttpCommandExecutor.java:142)
	at org.openqa.selenium.firefox.internal.NewProfileExtensionConnection.execute(NewProfileExtensionConnection.java:160)
	at org.openqa.selenium.firefox.FirefoxDriver$LazyCommandExecutor.execute(FirefoxDriver.java:380)
	at org.openqa.selenium.remote.RemoteWebDriver.execute(RemoteWebDriver.java:644)
	... 23 more
Caused by: java.net.ConnectException: Connection refused: connect
	at java.net.DualStackPlainSocketImpl.waitForConnect(Native Method)
	at java.net.DualStackPlainSocketImpl.socketConnect(Unknown Source)
	at java.net.AbstractPlainSocketImpl.doConnect(Unknown Source)
	at java.net.AbstractPlainSocketImpl.connectToAddress(Unknown Source)
	at java.net.AbstractPlainSocketImpl.connect(Unknown Source)
	at java.net.PlainSocketImpl.connect(Unknown Source)
	at java.net.SocksSocketImpl.connect(Unknown Source)
	at java.net.Socket.connect(Unknown Source)
	at org.apache.http.conn.socket.PlainConnectionSocketFactory.connectSocket(PlainConnectionSocketFactory.java:72)
	at org.apache.http.impl.conn.HttpClientConnectionOperator.connect(HttpClientConnectionOperator.java:117)
	... 38 more
ERROR [Mar 21 14:28:03] (AspireLog4j.java:243) - Error!!!
org.openqa.selenium.remote.UnreachableBrowserException: Error communicating with the remote browser. It may have died.
Build info: version: '2.53.1', revision: 'a36b8b1cd5757287168e54b817830adce9b0158d', time: '2016-06-30 19:26:09'
System info: host: 'AIP-MALHAJJ', ip: '172.17.130.72', os.name: 'Windows 10', os.arch: 'amd64', os.version: '10.0', java.version: '1.8.0_161'
Driver info: driver.version: FirefoxDriver
Capabilities [{applicationCacheEnabled=true, rotatable=false, handlesAlerts=true, databaseEnabled=true, version=43.0.1, platform=WINDOWS, nativeEvents=false, acceptSslCerts=true, webStorageEnabled=true, locationContextEnabled=true, browserName=firefox, takesScreenshot=true, javascriptEnabled=true, cssSelectorsEnabled=true}]
Session ID: a5154da5-8d6b-4e19-8fb7-5848b12c7aa7
	at org.openqa.selenium.remote.RemoteWebDriver.execute(RemoteWebDriver.java:665)
	at jo.aspire.web.automationUtil.FixedFirefoxDriver.execute(FixedFirefoxDriver.java:52)
	at org.openqa.selenium.remote.RemoteWebDriver.execute(RemoteWebDriver.java:701)
	at org.openqa.selenium.firefox.FirefoxDriver.getScreenshotAs(FirefoxDriver.java:341)
	at com.aspire.automationReport.ReportWebDriverHandler.saveScreenshot(ReportWebDriverHandler.java:102)
	at com.aspire.automationReport.AspireReport.failed(AspireReport.java:381)
	at org.jbehave.core.reporters.DelegatingStoryReporter.failed(DelegatingStoryReporter.java:103)
	at org.jbehave.core.reporters.ConcurrentStoryReporter.failed(ConcurrentStoryReporter.java:275)
	at org.jbehave.core.steps.AbstractStepResult$Failed.describeTo(AbstractStepResult.java:40)
	at org.jbehave.core.embedder.PerformableTree$FineSoFar.run(PerformableTree.java:335)
	at org.jbehave.core.embedder.PerformableTree$PerformableSteps.perform(PerformableTree.java:1042)
	at org.jbehave.core.embedder.PerformableTree$AbstractPerformableScenario.performRestartableSteps(PerformableTree.java:926)
	at org.jbehave.core.embedder.PerformableTree$NormalPerformableScenario.perform(PerformableTree.java:955)
	at org.jbehave.core.embedder.PerformableTree$PerformableScenario.perform(PerformableTree.java:876)
	at org.jbehave.core.embedder.PerformableTree$PerformableStory.performScenarios(PerformableTree.java:804)
	at org.jbehave.core.embedder.PerformableTree$PerformableStory.perform(PerformableTree.java:777)
	at org.jbehave.core.embedder.PerformableTree.performCancellable(PerformableTree.java:409)
	at org.jbehave.core.embedder.PerformableTree.perform(PerformableTree.java:380)
	at org.jbehave.core.embedder.StoryManager$EnqueuedStory.call(StoryManager.java:291)
	at org.jbehave.core.embedder.StoryManager$EnqueuedStory.call(StoryManager.java:265)
	at java.util.concurrent.FutureTask.run(Unknown Source)
	at java.util.concurrent.ThreadPoolExecutor.runWorker(Unknown Source)
	at java.util.concurrent.ThreadPoolExecutor$Worker.run(Unknown Source)
	at java.lang.Thread.run(Unknown Source)
Caused by: org.apache.http.conn.HttpHostConnectException: Connect to 127.0.0.1:7055 [/127.0.0.1] failed: Connection refused: connect
	at org.apache.http.impl.conn.HttpClientConnectionOperator.connect(HttpClientConnectionOperator.java:140)
	at org.apache.http.impl.conn.PoolingHttpClientConnectionManager.connect(PoolingHttpClientConnectionManager.java:314)
	at org.apache.http.impl.execchain.MainClientExec.establishRoute(MainClientExec.java:363)
	at org.apache.http.impl.execchain.MainClientExec.execute(MainClientExec.java:219)
	at org.apache.http.impl.execchain.ProtocolExec.execute(ProtocolExec.java:195)
	at org.apache.http.impl.execchain.RetryExec.execute(RetryExec.java:86)
	at org.apache.http.impl.execchain.RedirectExec.execute(RedirectExec.java:108)
	at org.apache.http.impl.client.InternalHttpClient.doExecute(InternalHttpClient.java:186)
	at org.apache.http.impl.client.CloseableHttpClient.execute(CloseableHttpClient.java:72)
	at org.apache.http.impl.client.CloseableHttpClient.execute(CloseableHttpClient.java:57)
	at org.openqa.selenium.remote.internal.ApacheHttpClient.fallBackExecute(ApacheHttpClient.java:144)
	at org.openqa.selenium.remote.internal.ApacheHttpClient.execute(ApacheHttpClient.java:90)
	at org.openqa.selenium.remote.HttpCommandExecutor.execute(HttpCommandExecutor.java:142)
	at org.openqa.selenium.firefox.internal.NewProfileExtensionConnection.execute(NewProfileExtensionConnection.java:160)
	at org.openqa.selenium.firefox.FirefoxDriver$LazyCommandExecutor.execute(FirefoxDriver.java:380)
	at org.openqa.selenium.remote.RemoteWebDriver.execute(RemoteWebDriver.java:644)
	... 23 more
Caused by: java.net.ConnectException: Connection refused: connect
	at java.net.DualStackPlainSocketImpl.waitForConnect(Native Method)
	at java.net.DualStackPlainSocketImpl.socketConnect(Unknown Source)
	at java.net.AbstractPlainSocketImpl.doConnect(Unknown Source)
	at java.net.AbstractPlainSocketImpl.connectToAddress(Unknown Source)
	at java.net.AbstractPlainSocketImpl.connect(Unknown Source)
	at java.net.PlainSocketImpl.connect(Unknown Source)
	at java.net.SocksSocketImpl.connect(Unknown Source)
	at java.net.Socket.connect(Unknown Source)
	at org.apache.http.conn.socket.PlainConnectionSocketFactory.connectSocket(PlainConnectionSocketFactory.java:72)
	at org.apache.http.impl.conn.HttpClientConnectionOperator.connect(HttpClientConnectionOperator.java:117)
	... 38 more
ERROR [Mar 21 14:28:04] (AspireLog4j.java:243) - ERROR : 
org.openqa.selenium.WebDriverException: Session not found: a5154da5-8d6b-4e19-8fb7-5848b12c7aa7
Command duration or timeout: 754 milliseconds
Build info: version: '2.53.1', revision: 'a36b8b1cd5757287168e54b817830adce9b0158d', time: '2016-06-30 19:26:09'
System info: host: 'AIP-MALHAJJ', ip: '172.17.130.72', os.name: 'Windows 10', os.arch: 'amd64', os.version: '10.0', java.version: '1.8.0_161'
Driver info: jo.aspire.web.automationUtil.FixedFirefoxDriver
Capabilities [{applicationCacheEnabled=true, rotatable=false, handlesAlerts=true, databaseEnabled=true, version=43.0.1, platform=WINDOWS, nativeEvents=false, acceptSslCerts=true, webStorageEnabled=true, locationContextEnabled=true, browserName=firefox, takesScreenshot=true, javascriptEnabled=true, cssSelectorsEnabled=true}]
Session ID: a5154da5-8d6b-4e19-8fb7-5848b12c7aa7
	at sun.reflect.NativeConstructorAccessorImpl.newInstance0(Native Method)
	at sun.reflect.NativeConstructorAccessorImpl.newInstance(Unknown Source)
	at sun.reflect.DelegatingConstructorAccessorImpl.newInstance(Unknown Source)
	at java.lang.reflect.Constructor.newInstance(Unknown Source)
	at org.openqa.selenium.remote.ErrorHandler.createThrowable(ErrorHandler.java:206)
	at org.openqa.selenium.remote.ErrorHandler.throwIfResponseFailed(ErrorHandler.java:158)
	at org.openqa.selenium.remote.RemoteWebDriver.execute(RemoteWebDriver.java:678)
	at jo.aspire.web.automationUtil.FixedFirefoxDriver.execute(FixedFirefoxDriver.java:52)
	at org.openqa.selenium.remote.RemoteWebDriver.execute(RemoteWebDriver.java:701)
	at org.openqa.selenium.firefox.FirefoxDriver.getScreenshotAs(FirefoxDriver.java:341)
	at com.aspire.automationReport.ReportWebDriverHandler.saveScreenshot(ReportWebDriverHandler.java:102)
	at com.aspire.automationReport.AspireReport.failed(AspireReport.java:381)
	at org.jbehave.core.reporters.DelegatingStoryReporter.failed(DelegatingStoryReporter.java:103)
	at org.jbehave.core.reporters.ConcurrentStoryReporter.failed(ConcurrentStoryReporter.java:275)
	at org.jbehave.core.steps.AbstractStepResult$Failed.describeTo(AbstractStepResult.java:40)
	at org.jbehave.core.embedder.PerformableTree$FineSoFar.run(PerformableTree.java:335)
	at org.jbehave.core.embedder.PerformableTree$PerformableSteps.perform(PerformableTree.java:1042)
	at org.jbehave.core.embedder.PerformableTree$AbstractPerformableScenario.performRestartableSteps(PerformableTree.java:926)
	at org.jbehave.core.embedder.PerformableTree$NormalPerformableScenario.perform(PerformableTree.java:955)
	at org.jbehave.core.embedder.PerformableTree$PerformableScenario.perform(PerformableTree.java:876)
	at org.jbehave.core.embedder.PerformableTree$PerformableStory.performScenarios(PerformableTree.java:804)
	at org.jbehave.core.embedder.PerformableTree$PerformableStory.perform(PerformableTree.java:777)
	at org.jbehave.core.embedder.PerformableTree.performCancellable(PerformableTree.java:409)
	at org.jbehave.core.embedder.PerformableTree.perform(PerformableTree.java:380)
	at org.jbehave.core.embedder.StoryManager$EnqueuedStory.call(StoryManager.java:291)
	at org.jbehave.core.embedder.StoryManager$EnqueuedStory.call(StoryManager.java:265)
	at java.util.concurrent.FutureTask.run(Unknown Source)
	at java.util.concurrent.ThreadPoolExecutor.runWorker(Unknown Source)
	at java.util.concurrent.ThreadPoolExecutor$Worker.run(Unknown Source)
	at java.lang.Thread.run(Unknown Source)
Caused by: org.openqa.selenium.WebDriverException: Session not found: a5154da5-8d6b-4e19-8fb7-5848b12c7aa7
Build info: version: '2.53.1', revision: 'a36b8b1cd5757287168e54b817830adce9b0158d', time: '2016-06-30 19:26:09'
System info: host: 'AIP-MALHAJJ', ip: '172.17.130.72', os.name: 'Windows 10', os.arch: 'amd64', os.version: '10.0', java.version: '1.8.0_161'
Driver info: driver.version: unknown
	at <anonymous class>.nsCommandProcessor.prototype.execute(file:///C:/Users/malhaj/AppData/Local/Temp/anonymous805595733583546967webdriver-profile/extensions/fxdriver@googlecode.com/components/command-processor.js:12657)
	at <anonymous class>.Dispatcher.executeAs/<(file:///C:/Users/malhaj/AppData/Local/Temp/anonymous805595733583546967webdriver-profile/extensions/fxdriver@googlecode.com/components/driver-component.js:9511)
	at <anonymous class>.Resource.prototype.handle(file:///C:/Users/malhaj/AppData/Local/Temp/anonymous805595733583546967webdriver-profile/extensions/fxdriver@googlecode.com/components/driver-component.js:9658)
	at <anonymous class>.Dispatcher.prototype.dispatch(file:///C:/Users/malhaj/AppData/Local/Temp/anonymous805595733583546967webdriver-profile/extensions/fxdriver@googlecode.com/components/driver-component.js:9605)
	at <anonymous class>.WebDriverServer/<.handle(file:///C:/Users/malhaj/AppData/Local/Temp/anonymous805595733583546967webdriver-profile/extensions/fxdriver@googlecode.com/components/driver-component.js:12470)
	at <anonymous class>.createHandlerFunc/<(file:///C:/Users/malhaj/AppData/Local/Temp/anonymous805595733583546967webdriver-profile/extensions/fxdriver@googlecode.com/components/httpd.js:2054)
	at <anonymous class>.ServerHandler.prototype.handleResponse(file:///C:/Users/malhaj/AppData/Local/Temp/anonymous805595733583546967webdriver-profile/extensions/fxdriver@googlecode.com/components/httpd.js:2387)
	at <anonymous class>.Connection.prototype.process(file:///C:/Users/malhaj/AppData/Local/Temp/anonymous805595733583546967webdriver-profile/extensions/fxdriver@googlecode.com/components/httpd.js:1223)
	at <anonymous class>.RequestReader.prototype._handleResponse(file:///C:/Users/malhaj/AppData/Local/Temp/anonymous805595733583546967webdriver-profile/extensions/fxdriver@googlecode.com/components/httpd.js:1677)
	at <anonymous class>.RequestReader.prototype._processBody(file:///C:/Users/malhaj/AppData/Local/Temp/anonymous805595733583546967webdriver-profile/extensions/fxdriver@googlecode.com/components/httpd.js:1525)
	at <anonymous class>.RequestReader.prototype.onInputStreamReady(file:///C:/Users/malhaj/AppData/Local/Temp/anonymous805595733583546967webdriver-profile/extensions/fxdriver@googlecode.com/components/httpd.js:1393)
INFO  [Mar 21 14:28:04] (AspireLog4j.java:125) - Info : ####### screenshotPath ####### :
INFO  [Mar 21 14:28:05] (AspireLog4j.java:125) - After Story Driver Provider Closed  
INFO  [Mar 21 14:28:05] (AspireLog4j.java:125) - Logger Object Injected  
INFO  [Mar 21 14:28:05] (AspireLog4j.java:125) - Before Story Driver Provider initialized 
