ERROR [May 23 12:24:30] (AspireLog4j.java:263) - Missing file MainConfig.properties java.io.FileNotFoundException: C:\Users\malhaj\Desktop\Test\src\test\resources\configs\MainConfig.properties (The system cannot find the file specified)
java.io.FileNotFoundException: C:\Users\malhaj\Desktop\Test\src\test\resources\configs\MainConfig.properties (The system cannot find the file specified)
	at java.io.FileInputStream.open0(Native Method)
	at java.io.FileInputStream.open(Unknown Source)
	at java.io.FileInputStream.<init>(Unknown Source)
	at jo.aspire.automation.logger.EnvirommentManager.LoadMainConfig(EnvirommentManager.java:105)
	at jo.aspire.automation.logger.EnvirommentManager.loadProperties(EnvirommentManager.java:138)
	at jo.aspire.automation.logger.EnvirommentManager.getInstance(EnvirommentManager.java:82)
	at jo.aspire.automation.logger.AspireLog4j.<init>(AspireLog4j.java:63)
	at sun.reflect.NativeConstructorAccessorImpl.newInstance0(Native Method)
	at sun.reflect.NativeConstructorAccessorImpl.newInstance(Unknown Source)
	at sun.reflect.DelegatingConstructorAccessorImpl.newInstance(Unknown Source)
	at java.lang.reflect.Constructor.newInstance(Unknown Source)
	at jo.aspire.automation.logger.EnvirommentManager.setIntialLog4jClass(EnvirommentManager.java:59)
	at jo.aspire.automation.logger.EnvirommentManager.setInitialClass(EnvirommentManager.java:44)
	at aspire.com.test.StoriesTest.run(StoriesTest.java:149)
	at sun.reflect.NativeMethodAccessorImpl.invoke0(Native Method)
	at sun.reflect.NativeMethodAccessorImpl.invoke(Unknown Source)
	at sun.reflect.DelegatingMethodAccessorImpl.invoke(Unknown Source)
	at java.lang.reflect.Method.invoke(Unknown Source)
	at org.junit.runners.model.FrameworkMethod$1.runReflectiveCall(FrameworkMethod.java:47)
	at org.junit.internal.runners.model.ReflectiveCallable.run(ReflectiveCallable.java:12)
	at org.junit.runners.model.FrameworkMethod.invokeExplosively(FrameworkMethod.java:44)
	at org.junit.internal.runners.statements.InvokeMethod.evaluate(InvokeMethod.java:17)
	at org.junit.runners.ParentRunner.runLeaf(ParentRunner.java:271)
	at org.junit.runners.BlockJUnit4ClassRunner.runChild(BlockJUnit4ClassRunner.java:70)
	at org.junit.runners.BlockJUnit4ClassRunner.runChild(BlockJUnit4ClassRunner.java:50)
	at org.junit.runners.ParentRunner$3.run(ParentRunner.java:238)
	at org.junit.runners.ParentRunner$1.schedule(ParentRunner.java:63)
	at org.junit.runners.ParentRunner.runChildren(ParentRunner.java:236)
	at org.junit.runners.ParentRunner.access$000(ParentRunner.java:53)
	at org.junit.runners.ParentRunner$2.evaluate(ParentRunner.java:229)
	at org.junit.runners.ParentRunner.run(ParentRunner.java:309)
	at org.eclipse.jdt.internal.junit4.runner.JUnit4TestReference.run(JUnit4TestReference.java:86)
	at org.eclipse.jdt.internal.junit.runner.TestExecution.run(TestExecution.java:38)
	at org.eclipse.jdt.internal.junit.runner.RemoteTestRunner.runTests(RemoteTestRunner.java:538)
	at org.eclipse.jdt.internal.junit.runner.RemoteTestRunner.runTests(RemoteTestRunner.java:760)
	at org.eclipse.jdt.internal.junit.runner.RemoteTestRunner.run(RemoteTestRunner.java:460)
	at org.eclipse.jdt.internal.junit.runner.RemoteTestRunner.main(RemoteTestRunner.java:206)
INFO  [May 23 12:24:30] (AspireLog4j.java:129) - Jar path is:
INFO  [May 23 12:24:30] (AspireLog4j.java:129) - Run with IDE - iam not jar
INFO  [May 23 12:24:30] (AspireLog4j.java:129) - Logger Object Injected  
INFO  [May 23 12:24:30] (AspireLog4j.java:129) - Logger Object Injected  
INFO  [May 23 12:24:32] (AspireLog4j.java:129) - Logger Object Injected  
INFO  [May 23 12:24:33] (AspireLog4j.java:129) - Before Story Driver Provider initialized 
INFO  [May 23 12:24:33] (AspireLog4j.java:129) - Capabilities [{os="Win", acceptSslCerts="true", browser="chrome", os_version="Win7", project="PXP", browser_version="53.0", chromeOptions=org.openqa.selenium.chrome.ChromeOptions@3572e17f, browserstack.debug="true"}]
